{"C:\\Users\\biavi\\OneDrive\\Documents\\Developer\\github\\unifor-ads\\semestre2\\ambientes\\entregavel4\\functions\\contagem\\contagem.js": {"path":"C:\\Users\\biavi\\OneDrive\\Documents\\Developer\\github\\unifor-ads\\semestre2\\ambientes\\entregavel4\\functions\\contagem\\contagem.js","statementMap":{"0":{"start":{"line":6,"column":0},"end":{"line":21,"column":1}},"1":{"start":{"line":7,"column":17},"end":{"line":7,"column":18}},"2":{"start":{"line":9,"column":2},"end":{"line":14,"column":3}},"3":{"start":{"line":9,"column":14},"end":{"line":9,"column":15}},"4":{"start":{"line":10,"column":16},"end":{"line":10,"column":26}},"5":{"start":{"line":11,"column":4},"end":{"line":13,"column":5}},"6":{"start":{"line":12,"column":6},"end":{"line":12,"column":17}},"7":{"start":{"line":15,"column":2},"end":{"line":15,"column":55}},"8":{"start":{"line":18,"column":23},"end":{"line":18,"column":78}},"9":{"start":{"line":19,"column":6},"end":{"line":19,"column":44}}},"fnMap":{"0":{"name":"contagem","decl":{"start":{"line":6,"column":26},"end":{"line":6,"column":34}},"loc":{"start":{"line":6,"column":44},"end":{"line":21,"column":1}},"line":6},"1":{"name":"isInteiro","decl":{"start":{"line":17,"column":11},"end":{"line":17,"column":20}},"loc":{"start":{"line":17,"column":28},"end":{"line":20,"column":3}},"line":17}},"branchMap":{"0":{"loc":{"start":{"line":11,"column":4},"end":{"line":13,"column":5}},"type":"if","locations":[{"start":{"line":11,"column":4},"end":{"line":13,"column":5}},{"start":{},"end":{}}],"line":11},"1":{"loc":{"start":{"line":19,"column":13},"end":{"line":19,"column":43}},"type":"cond-expr","locations":[{"start":{"line":19,"column":31},"end":{"line":19,"column":35}},{"start":{"line":19,"column":38},"end":{"line":19,"column":43}}],"line":19}},"s":{"0":1,"1":2,"2":2,"3":2,"4":8,"5":8,"6":4,"7":2,"8":8,"9":8},"f":{"0":2,"1":8},"b":{"0":[4,4],"1":[4,4]},"_coverageSchema":"1a1c01bbd47fc00a2c39e90264f33305004495a9","hash":"845249ddc8d455f89500fdf0376007844fe61829"}
,"C:\\Users\\biavi\\OneDrive\\Documents\\Developer\\github\\unifor-ads\\semestre2\\ambientes\\entregavel4\\functions\\fibonacci\\fibonacci.js": {"path":"C:\\Users\\biavi\\OneDrive\\Documents\\Developer\\github\\unifor-ads\\semestre2\\ambientes\\entregavel4\\functions\\fibonacci\\fibonacci.js","statementMap":{"0":{"start":{"line":6,"column":0},"end":{"line":23,"column":1}},"1":{"start":{"line":7,"column":19},"end":{"line":7,"column":20}},"2":{"start":{"line":8,"column":16},"end":{"line":8,"column":17}},"3":{"start":{"line":9,"column":20},"end":{"line":9,"column":25}},"4":{"start":{"line":11,"column":4},"end":{"line":20,"column":5}},"5":{"start":{"line":11,"column":16},"end":{"line":11,"column":17}},"6":{"start":{"line":12,"column":6},"end":{"line":16,"column":7}},"7":{"start":{"line":13,"column":8},"end":{"line":13,"column":33}},"8":{"start":{"line":15,"column":8},"end":{"line":15,"column":34}},"9":{"start":{"line":17,"column":16},"end":{"line":17,"column":21}},"10":{"start":{"line":18,"column":6},"end":{"line":18,"column":29}},"11":{"start":{"line":19,"column":6},"end":{"line":19,"column":21}},"12":{"start":{"line":22,"column":4},"end":{"line":22,"column":85}}},"fnMap":{"0":{"name":"fibonacci","decl":{"start":{"line":6,"column":26},"end":{"line":6,"column":35}},"loc":{"start":{"line":6,"column":53},"end":{"line":23,"column":1}},"line":6}},"branchMap":{"0":{"loc":{"start":{"line":12,"column":6},"end":{"line":16,"column":7}},"type":"if","locations":[{"start":{"line":12,"column":6},"end":{"line":16,"column":7}},{"start":{"line":14,"column":11},"end":{"line":16,"column":7}}],"line":12}},"s":{"0":1,"1":2,"2":2,"3":2,"4":2,"5":2,"6":9,"7":2,"8":7,"9":9,"10":9,"11":9,"12":2},"f":{"0":2},"b":{"0":[2,7]},"_coverageSchema":"1a1c01bbd47fc00a2c39e90264f33305004495a9","hash":"fd851af68d6935841ebc9c1a08956004d1f67f28"}
,"C:\\Users\\biavi\\OneDrive\\Documents\\Developer\\github\\unifor-ads\\semestre2\\ambientes\\entregavel4\\functions\\mdc\\mdc.js": {"path":"C:\\Users\\biavi\\OneDrive\\Documents\\Developer\\github\\unifor-ads\\semestre2\\ambientes\\entregavel4\\functions\\mdc\\mdc.js","statementMap":{"0":{"start":{"line":6,"column":0},"end":{"line":18,"column":1}},"1":{"start":{"line":8,"column":16},"end":{"line":8,"column":21}},"2":{"start":{"line":9,"column":16},"end":{"line":9,"column":22}},"3":{"start":{"line":11,"column":4},"end":{"line":15,"column":23}},"4":{"start":{"line":12,"column":6},"end":{"line":12,"column":29}},"5":{"start":{"line":13,"column":6},"end":{"line":13,"column":21}},"6":{"start":{"line":14,"column":6},"end":{"line":14,"column":21}},"7":{"start":{"line":17,"column":4},"end":{"line":17,"column":66}}},"fnMap":{"0":{"name":"mdc","decl":{"start":{"line":6,"column":26},"end":{"line":6,"column":29}},"loc":{"start":{"line":6,"column":44},"end":{"line":18,"column":1}},"line":6}},"branchMap":{},"s":{"0":1,"1":2,"2":2,"3":2,"4":6,"5":6,"6":6,"7":2},"f":{"0":2},"b":{},"_coverageSchema":"1a1c01bbd47fc00a2c39e90264f33305004495a9","hash":"e169a3d3c5456d1ab8752e0dee9f0fed51ada5a5"}
,"C:\\Users\\biavi\\OneDrive\\Documents\\Developer\\github\\unifor-ads\\semestre2\\ambientes\\entregavel4\\functions\\ordem\\ordem.js": {"path":"C:\\Users\\biavi\\OneDrive\\Documents\\Developer\\github\\unifor-ads\\semestre2\\ambientes\\entregavel4\\functions\\ordem\\ordem.js","statementMap":{"0":{"start":{"line":6,"column":0},"end":{"line":21,"column":1}},"1":{"start":{"line":10,"column":4},"end":{"line":18,"column":5}},"2":{"start":{"line":10,"column":17},"end":{"line":10,"column":18}},"3":{"start":{"line":11,"column":6},"end":{"line":17,"column":7}},"4":{"start":{"line":11,"column":19},"end":{"line":11,"column":24}},"5":{"start":{"line":12,"column":8},"end":{"line":16,"column":9}},"6":{"start":{"line":13,"column":10},"end":{"line":13,"column":25}},"7":{"start":{"line":14,"column":10},"end":{"line":14,"column":30}},"8":{"start":{"line":15,"column":10},"end":{"line":15,"column":25}},"9":{"start":{"line":20,"column":4},"end":{"line":20,"column":47}}},"fnMap":{"0":{"name":"ordenarVetor","decl":{"start":{"line":6,"column":26},"end":{"line":6,"column":38}},"loc":{"start":{"line":6,"column":46},"end":{"line":21,"column":1}},"line":6}},"branchMap":{"0":{"loc":{"start":{"line":12,"column":8},"end":{"line":16,"column":9}},"type":"if","locations":[{"start":{"line":12,"column":8},"end":{"line":16,"column":9}},{"start":{},"end":{}}],"line":12}},"s":{"0":1,"1":2,"2":2,"3":7,"4":7,"5":9,"6":7,"7":7,"8":7,"9":2},"f":{"0":2},"b":{"0":[7,2]},"_coverageSchema":"1a1c01bbd47fc00a2c39e90264f33305004495a9","hash":"18aa484145e9b0744300b22d723bf7ac7e5553e2"}
,"C:\\Users\\biavi\\OneDrive\\Documents\\Developer\\github\\unifor-ads\\semestre2\\ambientes\\entregavel4\\functions\\primo\\primo.js": {"path":"C:\\Users\\biavi\\OneDrive\\Documents\\Developer\\github\\unifor-ads\\semestre2\\ambientes\\entregavel4\\functions\\primo\\primo.js","statementMap":{"0":{"start":{"line":7,"column":20},"end":{"line":7,"column":21}},"1":{"start":{"line":9,"column":4},"end":{"line":13,"column":5}},"2":{"start":{"line":9,"column":17},"end":{"line":9,"column":18}},"3":{"start":{"line":10,"column":6},"end":{"line":12,"column":7}},"4":{"start":{"line":11,"column":8},"end":{"line":11,"column":20}},"5":{"start":{"line":15,"column":4},"end":{"line":19,"column":5}},"6":{"start":{"line":16,"column":6},"end":{"line":16,"column":65}},"7":{"start":{"line":18,"column":6},"end":{"line":18,"column":69}},"8":{"start":{"line":22,"column":0},"end":{"line":22,"column":29}}},"fnMap":{"0":{"name":"numeroPrimo","decl":{"start":{"line":6,"column":9},"end":{"line":6,"column":20}},"loc":{"start":{"line":6,"column":29},"end":{"line":20,"column":1}},"line":6}},"branchMap":{"0":{"loc":{"start":{"line":10,"column":6},"end":{"line":12,"column":7}},"type":"if","locations":[{"start":{"line":10,"column":6},"end":{"line":12,"column":7}},{"start":{},"end":{}}],"line":10},"1":{"loc":{"start":{"line":15,"column":4},"end":{"line":19,"column":5}},"type":"if","locations":[{"start":{"line":15,"column":4},"end":{"line":19,"column":5}},{"start":{"line":17,"column":11},"end":{"line":19,"column":5}}],"line":15}},"s":{"0":2,"1":2,"2":2,"3":17,"4":8,"5":2,"6":1,"7":1,"8":1},"f":{"0":2},"b":{"0":[8,9],"1":[1,1]},"_coverageSchema":"1a1c01bbd47fc00a2c39e90264f33305004495a9","hash":"adfd838c225de1cb4abdf1f920fd69a30a4c8eaa"}
,"C:\\Users\\biavi\\OneDrive\\Documents\\Developer\\github\\unifor-ads\\semestre2\\ambientes\\entregavel4\\functions\\soma\\soma.js": {"path":"C:\\Users\\biavi\\OneDrive\\Documents\\Developer\\github\\unifor-ads\\semestre2\\ambientes\\entregavel4\\functions\\soma\\soma.js","statementMap":{"0":{"start":{"line":6,"column":0},"end":{"line":13,"column":1}},"1":{"start":{"line":7,"column":15},"end":{"line":7,"column":16}},"2":{"start":{"line":8,"column":4},"end":{"line":10,"column":5}},"3":{"start":{"line":8,"column":17},"end":{"line":8,"column":18}},"4":{"start":{"line":9,"column":8},"end":{"line":9,"column":36}},"5":{"start":{"line":12,"column":4},"end":{"line":12,"column":89}}},"fnMap":{"0":{"name":"somarNumeros","decl":{"start":{"line":6,"column":26},"end":{"line":6,"column":38}},"loc":{"start":{"line":6,"column":57},"end":{"line":13,"column":1}},"line":6}},"branchMap":{},"s":{"0":1,"1":2,"2":2,"3":2,"4":5,"5":2},"f":{"0":2},"b":{},"_coverageSchema":"1a1c01bbd47fc00a2c39e90264f33305004495a9","hash":"9471d7ee87a2acea2a4bdd2bc02f37cd50e32426"}
}
