TN:
SF:functions\contagem\contagem.js
FN:6,contagem
FN:17,isInteiro
FNF:2
FNH:2
FNDA:2,contagem
FNDA:8,isInteiro
DA:6,1
DA:7,2
DA:9,2
DA:10,8
DA:11,8
DA:12,4
DA:15,2
DA:18,8
DA:19,8
LF:9
LH:9
BRDA:11,0,0,4
BRDA:11,0,1,4
BRDA:19,1,0,4
BRDA:19,1,1,4
BRF:4
BRH:4
end_of_record
TN:
SF:functions\fibonacci\fibonacci.js
FN:6,fibonacci
FNF:1
FNH:1
FNDA:2,fibonacci
DA:6,1
DA:7,2
DA:8,2
DA:9,2
DA:11,2
DA:12,9
DA:13,2
DA:15,7
DA:17,9
DA:18,9
DA:19,9
DA:22,2
LF:12
LH:12
BRDA:12,0,0,2
BRDA:12,0,1,7
BRF:2
BRH:2
end_of_record
TN:
SF:functions\mdc\mdc.js
FN:6,mdc
FNF:1
FNH:1
FNDA:2,mdc
DA:6,1
DA:8,2
DA:9,2
DA:11,2
DA:12,6
DA:13,6
DA:14,6
DA:17,2
LF:8
LH:8
BRF:0
BRH:0
end_of_record
TN:
SF:functions\ordem\ordem.js
FN:6,ordenarVetor
FNF:1
FNH:1
FNDA:2,ordenarVetor
DA:6,1
DA:10,2
DA:11,7
DA:12,9
DA:13,7
DA:14,7
DA:15,7
DA:20,2
LF:8
LH:8
BRDA:12,0,0,7
BRDA:12,0,1,2
BRF:2
BRH:2
end_of_record
TN:
SF:functions\primo\primo.js
FN:6,numeroPrimo
FNF:1
FNH:1
FNDA:2,numeroPrimo
DA:7,2
DA:9,2
DA:10,17
DA:11,8
DA:15,2
DA:16,1
DA:18,1
DA:22,1
LF:8
LH:8
BRDA:10,0,0,8
BRDA:10,0,1,9
BRDA:15,1,0,1
BRDA:15,1,1,1
BRF:4
BRH:4
end_of_record
TN:
SF:functions\soma\soma.js
FN:6,somarNumeros
FNF:1
FNH:1
FNDA:2,somarNumeros
DA:6,1
DA:7,2
DA:8,2
DA:9,5
DA:12,2
LF:5
LH:5
BRF:0
BRH:0
end_of_record
